[I020016]開始：javaプログラム 
[I020018]開始：CSVファイル読込み	sensor_data0001.csv 
[I020019]終了：CSVファイル読込み	sensor_data0001.csv 
[I020018]開始：CSVファイル読込み	sensor_data0002.csv 
[I020019]終了：CSVファイル読込み	sensor_data0002.csv 
[I020017]終了：javaプログラム 
[I020016]開始：javaプログラム 
[W020007]ディレクトリ内にCSVファイルが存在しません	.\in\ 
[I020017]終了：javaプログラム 
[I020016]開始：javaプログラム 
[W020007]ディレクトリ内にCSVファイルが存在しません	.\in\ 
[I020017]終了：javaプログラム 
[I020016]開始：javaプログラム 
[W020007]ディレクトリ内にCSVファイルが存在しません	.\in\ 
[I020017]終了：javaプログラム 
[I020016]開始：javaプログラム 
[W020007]ディレクトリ内にCSVファイルが存在しません	.\in\ 
[I020017]終了：javaプログラム 
[I020016]開始：javaプログラム 
[W020007]ディレクトリ内にCSVファイルが存在しません	.\in\ 
[I020017]終了：javaプログラム 
[I020016]開始：javaプログラム 
[W020007]ディレクトリ内にCSVファイルが存在しません	.\in\ 
[I020017]終了：javaプログラム 
[I020016]開始：javaプログラム 
[I020018]開始：CSVファイル読込み	sensor_data0001.csv 
[I020019]終了：CSVファイル読込み	sensor_data0001.csv 
[I020018]開始：CSVファイル読込み	sensor_data0002.csv 
[I020019]終了：CSVファイル読込み	sensor_data0002.csv 
[I020017]終了：javaプログラム 
[I020016]開始：javaプログラム 
[W020007]ディレクトリ内にCSVファイルが存在しません	.\in\ 
[I020017]終了：javaプログラム 
[I020016]開始：javaプログラム 
[I020018]開始：CSVファイル読込み	sensor_data0001.csv 
[I020019]終了：CSVファイル読込み	sensor_data0001.csv 
[I020018]開始：CSVファイル読込み	sensor_data0002.csv 
[I020019]終了：CSVファイル読込み	sensor_data0002.csv 
[I020017]終了：javaプログラム 
[I020016]開始：javaプログラム 
[I020018]開始：CSVファイル読込み	sensor_data0001.csv 
[I020019]終了：CSVファイル読込み	sensor_data0001.csv 
[I020018]開始：CSVファイル読込み	sensor_data0002.csv 
[I020019]終了：CSVファイル読込み	sensor_data0002.csv 
[I020017]終了：javaプログラム 
