[I020016]開始：javaプログラム 
[I020018]開始：CSVファイル読込み	a.txt.txt 
[I020019]終了：CSVファイル読込み	a.txt.txt 
[E020001]システムエラーが発生しましたIndexOutOfBoundsExceptionIndex: 1, Size: 0 
[I020018]開始：CSVファイル読込み	sensor_data0001.csv 
[I020019]終了：CSVファイル読込み	sensor_data0001.csv 
[I020020]開始：DATファイル生成	sensor_data0001.dat 
[I020021]終了：DATファイル生成	sensor_data0001.dat 
[I020018]開始：CSVファイル読込み	sensor_data0002.csv 
[I020019]終了：CSVファイル読込み	sensor_data0002.csv 
[I020020]開始：DATファイル生成	sensor_data0002.dat 
[I020021]終了：DATファイル生成	sensor_data0002.dat 
[I020017]終了：javaプログラム 
[I020016]開始：javaプログラム 
[W020007]ディレクトリ内にCSVファイルが存在しません	.\in\ 
[I020017]終了：javaプログラム 
[I020016]開始：javaプログラム 
[I020018]開始：CSVファイル読込み	sensor_data0001.csv 
[I020019]終了：CSVファイル読込み	sensor_data0001.csv 
[I020020]開始：DATファイル生成	sensor_data0001.dat 
[I020021]終了：DATファイル生成	sensor_data0001.dat 
[I020018]開始：CSVファイル読込み	sensor_data0002.csv 
[I020019]終了：CSVファイル読込み	sensor_data0002.csv 
[I020020]開始：DATファイル生成	sensor_data0002.dat 
[I020021]終了：DATファイル生成	sensor_data0002.dat 
[I020017]終了：javaプログラム 
[I020016]開始：javaプログラム 
[I020018]開始：CSVファイル読込み	sensor_data0001.csv 
[I020019]終了：CSVファイル読込み	sensor_data0001.csv 
[I020020]開始：DATファイル生成	sensor_data0001.dat 
[I020021]終了：DATファイル生成	sensor_data0001.dat 
[I020018]開始：CSVファイル読込み	sensor_data0002.csv 
[I020019]終了：CSVファイル読込み	sensor_data0002.csv 
[I020020]開始：DATファイル生成	sensor_data0002.dat 
[I020021]終了：DATファイル生成	sensor_data0002.dat 
[I020017]終了：javaプログラム 
[I020016]開始：javaプログラム 
[E020001]システムエラーが発生しましたIOException.\in\a.txt.txt (指定されたファイルが見つかりません。) 
[I020018]開始：CSVファイル読込み	sensor_data0001.csv 
[I020019]終了：CSVファイル読込み	sensor_data0001.csv 
[I020020]開始：DATファイル生成	sensor_data0001.dat 
[I020021]終了：DATファイル生成	sensor_data0001.dat 
[I020018]開始：CSVファイル読込み	sensor_data0002.csv 
[I020016]開始：javaプログラム 
[E020001]システムエラーが発生しましたIOException.\in\a.txt.txt (指定されたファイルが見つかりません。) 
[I020018]開始：CSVファイル読込み	sensor_data0001.csv 
[I020019]終了：CSVファイル読込み	sensor_data0001.csv 
[I020020]開始：DATファイル生成	sensor_data0001.dat 
[I020021]終了：DATファイル生成	sensor_data0001.dat 
[I020018]開始：CSVファイル読込み	sensor_data0002.csv 
[I020016]開始：javaプログラム 
[E020001]システムエラーが発生しましたIOException.\in\a.txt.txt (指定されたファイルが見つかりません。) 
[I020018]開始：CSVファイル読込み	sensor_data0001.csv 
[I020019]終了：CSVファイル読込み	sensor_data0001.csv 
[I020020]開始：DATファイル生成	sensor_data0001.dat 
[I020021]終了：DATファイル生成	sensor_data0001.dat 
[I020018]開始：CSVファイル読込み	sensor_data0002.csv 
[I020019]終了：CSVファイル読込み	sensor_data0002.csv 
[I020020]開始：DATファイル生成	sensor_data0002.dat 
[I020021]終了：DATファイル生成	sensor_data0002.dat 
[I020017]終了：javaプログラム 
[I020016]開始：javaプログラム 
[E020001]システムエラーが発生しましたIOException.\in\a.txt.txt (指定されたファイルが見つかりません。) 
[I020018]開始：CSVファイル読込み	sensor_data0001.csv 
[I020019]終了：CSVファイル読込み	sensor_data0001.csv 
[I020020]開始：DATファイル生成	sensor_data0001.dat 
[I020021]終了：DATファイル生成	sensor_data0001.dat 
[I020018]開始：CSVファイル読込み	sensor_data0002.csv 
[I020019]終了：CSVファイル読込み	sensor_data0002.csv 
[I020020]開始：DATファイル生成	sensor_data0002.dat 
[I020021]終了：DATファイル生成	sensor_data0002.dat 
[I020017]終了：javaプログラム 
[I020016]開始：javaプログラム 
[I020018]開始：CSVファイル読込み	a.txt.txt 
[I020019]終了：CSVファイル読込み	a.txt.txt 
[E020001]システムエラーが発生しましたIndexOutOfBoundsExceptionIndex: 1, Size: 0 
[I020018]開始：CSVファイル読込み	sensor_data0001.csv 
[I020019]終了：CSVファイル読込み	sensor_data0001.csv 
[I020020]開始：DATファイル生成	sensor_data0001.dat 
[I020021]終了：DATファイル生成	sensor_data0001.dat 
[I020018]開始：CSVファイル読込み	sensor_data0002.csv 
[I020016]開始：javaプログラム 
[I020018]開始：CSVファイル読込み	a.txt.txt 
[I020019]終了：CSVファイル読込み	a.txt.txt 
[E020001]システムエラーが発生しましたIndexOutOfBoundsExceptionIndex: 1, Size: 0 
[I020018]開始：CSVファイル読込み	sensor_data0001.csv 
[I020019]終了：CSVファイル読込み	sensor_data0001.csv 
[I020020]開始：DATファイル生成	sensor_data0001.dat 
[I020021]終了：DATファイル生成	sensor_data0001.dat 
[I020018]開始：CSVファイル読込み	sensor_data0002.csv 
[I020019]終了：CSVファイル読込み	sensor_data0002.csv 
[I020020]開始：DATファイル生成	sensor_data0002.dat 
[I020021]終了：DATファイル生成	sensor_data0002.dat 
[I020017]終了：javaプログラム 
[I020016]開始：javaプログラム 
[E020001]システムエラーが発生しましたIOException.\in\a.txt.txt (指定されたファイルが見つかりません。) 
[I020018]開始：CSVファイル読込み	sensor_data0001.csv 
[I020019]終了：CSVファイル読込み	sensor_data0001.csv 
[I020020]開始：DATファイル生成	sensor_data0001.dat 
[I020021]終了：DATファイル生成	sensor_data0001.dat 
[I020018]開始：CSVファイル読込み	sensor_data0002.csv 
[I020016]開始：javaプログラム 
[E020001]システムエラーが発生しましたIOException.\in\a.txt.txt (指定されたファイルが見つかりません。) 
[I020018]開始：CSVファイル読込み	sensor_data0001.csv 
[I020019]終了：CSVファイル読込み	sensor_data0001.csv 
[I020020]開始：DATファイル生成	sensor_data0001.dat 
[I020021]終了：DATファイル生成	sensor_data0001.dat 
[I020018]開始：CSVファイル読込み	sensor_data0002.csv 
[I020019]終了：CSVファイル読込み	sensor_data0002.csv 
[I020020]開始：DATファイル生成	sensor_data0002.dat 
[I020021]終了：DATファイル生成	sensor_data0002.dat 
[I020017]終了：javaプログラム 
[I020016]開始：javaプログラム 
[E020001]システムエラーが発生しましたIOException.\in\a.txt.txt (指定されたファイルが見つかりません。) 
[I020018]開始：CSVファイル読込み	sensor_data0001.csv 
[I020019]終了：CSVファイル読込み	sensor_data0001.csv 
[I020020]開始：DATファイル生成	sensor_data0001.dat 
[I020021]終了：DATファイル生成	sensor_data0001.dat 
[I020018]開始：CSVファイル読込み	sensor_data0002.csv 
[I020019]終了：CSVファイル読込み	sensor_data0002.csv 
[I020020]開始：DATファイル生成	sensor_data0002.dat 
[I020021]終了：DATファイル生成	sensor_data0002.dat 
[I020017]終了：javaプログラム 
[I020016]開始：javaプログラム 
[I020018]開始：CSVファイル読込み	a.txt.txt 
[I020019]終了：CSVファイル読込み	a.txt.txt 
[E020001]システムエラーが発生しましたIndexOutOfBoundsExceptionIndex: 1, Size: 0 
[I020018]開始：CSVファイル読込み	sensor_data0001.csv 
[I020019]終了：CSVファイル読込み	sensor_data0001.csv 
[I020020]開始：DATファイル生成	sensor_data0001.dat 
[I020021]終了：DATファイル生成	sensor_data0001.dat 
[I020018]開始：CSVファイル読込み	sensor_data0002.csv 
[I020019]終了：CSVファイル読込み	sensor_data0002.csv 
[I020020]開始：DATファイル生成	sensor_data0002.dat 
[I020021]終了：DATファイル生成	sensor_data0002.dat 
[I020017]終了：javaプログラム 
[I020016]開始：javaプログラム 
[E020001]システムエラーが発生しましたIOException.\in\a.txt.txt (指定されたファイルが見つかりません。) 
[I020018]開始：CSVファイル読込み	sensor_data0001.csv 
[I020019]終了：CSVファイル読込み	sensor_data0001.csv 
[I020020]開始：DATファイル生成	sensor_data0001.dat 
[I020021]終了：DATファイル生成	sensor_data0001.dat 
[I020018]開始：CSVファイル読込み	sensor_data0002.csv 
[I020019]終了：CSVファイル読込み	sensor_data0002.csv 
[I020020]開始：DATファイル生成	sensor_data0002.dat 
[I020021]終了：DATファイル生成	sensor_data0002.dat 
[I020017]終了：javaプログラム 
[I020016]開始：javaプログラム 
[E020001]システムエラーが発生しましたIOException.\in\a.txt.txt (指定されたファイルが見つかりません。) 
[I020018]開始：CSVファイル読込み	sensor_data0001.csv 
[I020019]終了：CSVファイル読込み	sensor_data0001.csv 
[I020020]開始：DATファイル生成	sensor_data0001.dat 
[I020021]終了：DATファイル生成	sensor_data0001.dat 
[I020018]開始：CSVファイル読込み	sensor_data0002.csv 
[I020019]終了：CSVファイル読込み	sensor_data0002.csv 
[I020020]開始：DATファイル生成	sensor_data0002.dat 
[I020021]終了：DATファイル生成	sensor_data0002.dat 
[I020017]終了：javaプログラム 
[I020016]開始：javaプログラム 
[E020001]システムエラーが発生しましたIOException.\in\a.txt.txt (指定されたファイルが見つかりません。) 
[I020018]開始：CSVファイル読込み	sensor_data0001.csv 
[I020019]終了：CSVファイル読込み	sensor_data0001.csv 
[I020020]開始：DATファイル生成	sensor_data0001.dat 
[I020021]終了：DATファイル生成	sensor_data0001.dat 
[I020018]開始：CSVファイル読込み	sensor_data0002.csv 
[I020019]終了：CSVファイル読込み	sensor_data0002.csv 
[I020020]開始：DATファイル生成	sensor_data0002.dat 
[I020021]終了：DATファイル生成	sensor_data0002.dat 
[I020017]終了：javaプログラム 
[I020016]開始：javaプログラム 
[E020001]システムエラーが発生しましたIOException.\in\a.txt.txt (指定されたファイルが見つかりません。) 
[I020018]開始：CSVファイル読込み	sensor_data0001.csv 
[I020019]終了：CSVファイル読込み	sensor_data0001.csv 
[I020020]開始：DATファイル生成	sensor_data0001.dat 
[I020021]終了：DATファイル生成	sensor_data0001.dat 
[I020018]開始：CSVファイル読込み	sensor_data0002.csv 
[I020019]終了：CSVファイル読込み	sensor_data0002.csv 
[I020020]開始：DATファイル生成	sensor_data0002.dat 
[I020021]終了：DATファイル生成	sensor_data0002.dat 
[I020017]終了：javaプログラム 
[I020016]開始：javaプログラム 
[E020001]システムエラーが発生しましたIOException.\in\a.txt.txt (指定されたファイルが見つかりません。) 
[I020018]開始：CSVファイル読込み	sensor_data0001.csv 
[I020019]終了：CSVファイル読込み	sensor_data0001.csv 
[I020020]開始：DATファイル生成	sensor_data0001.dat 
[I020021]終了：DATファイル生成	sensor_data0001.dat 
[I020018]開始：CSVファイル読込み	sensor_data0002.csv 
[I020019]終了：CSVファイル読込み	sensor_data0002.csv 
[I020020]開始：DATファイル生成	sensor_data0002.dat 
[I020021]終了：DATファイル生成	sensor_data0002.dat 
[I020017]終了：javaプログラム 
[I020016]開始：javaプログラム 
[E020001]システムエラーが発生しましたIOException.\in\a.txt.txt (指定されたファイルが見つかりません。) 
[I020018]開始：CSVファイル読込み	sensor_data0001.csv 
[I020019]終了：CSVファイル読込み	sensor_data0001.csv 
[I020020]開始：DATファイル生成	sensor_data0001.dat 
[I020021]終了：DATファイル生成	sensor_data0001.dat 
[I020018]開始：CSVファイル読込み	sensor_data0002.csv 
[I020019]終了：CSVファイル読込み	sensor_data0002.csv 
[I020020]開始：DATファイル生成	sensor_data0002.dat 
[I020021]終了：DATファイル生成	sensor_data0002.dat 
[I020017]終了：javaプログラム 
[I020016]開始：javaプログラム 
[E020001]システムエラーが発生しましたIOException.\in\a.txt.txt (指定されたファイルが見つかりません。) 
[I020018]開始：CSVファイル読込み	sensor_data0001.csv 
[I020019]終了：CSVファイル読込み	sensor_data0001.csv 
[I020020]開始：DATファイル生成	sensor_data0001.dat 
[I020021]終了：DATファイル生成	sensor_data0001.dat 
[I020018]開始：CSVファイル読込み	sensor_data0002.csv 
[I020019]終了：CSVファイル読込み	sensor_data0002.csv 
[I020020]開始：DATファイル生成	sensor_data0002.dat 
[I020021]終了：DATファイル生成	sensor_data0002.dat 
[I020017]終了：javaプログラム 
[I020016]開始：javaプログラム 
[E020001]システムエラーが発生しましたIOException.\in\a.txt.txt (指定されたファイルが見つかりません。) 
[I020018]開始：CSVファイル読込み	sensor_data0001.csv 
[I020019]終了：CSVファイル読込み	sensor_data0001.csv 
[I020020]開始：DATファイル生成	sensor_data0001.dat 
[I020021]終了：DATファイル生成	sensor_data0001.dat 
[I020018]開始：CSVファイル読込み	sensor_data0002.csv 
[I020019]終了：CSVファイル読込み	sensor_data0002.csv 
[I020020]開始：DATファイル生成	sensor_data0002.dat 
[I020021]終了：DATファイル生成	sensor_data0002.dat 
[I020017]終了：javaプログラム 
[I020016]開始：javaプログラム 
[I020018]開始：CSVファイル読込み	a.txt.txt 
[I020019]終了：CSVファイル読込み	a.txt.txt 
[E020001]システムエラーが発生しましたIndexOutOfBoundsExceptionIndex: 1, Size: 0 
[I020018]開始：CSVファイル読込み	sensor_data0001.csv 
[I020019]終了：CSVファイル読込み	sensor_data0001.csv 
[I020020]開始：DATファイル生成	sensor_data0001.dat 
[I020021]終了：DATファイル生成	sensor_data0001.dat 
[I020018]開始：CSVファイル読込み	sensor_data0002.csv 
[I020019]終了：CSVファイル読込み	sensor_data0002.csv 
[I020020]開始：DATファイル生成	sensor_data0002.dat 
[I020021]終了：DATファイル生成	sensor_data0002.dat 
[I020017]終了：javaプログラム 
[I020016]開始：javaプログラム 
[I020018]開始：CSVファイル読込み	a.txt.txt 
[I020019]終了：CSVファイル読込み	a.txt.txt 
[E020001]システムエラーが発生しましたIndexOutOfBoundsExceptionIndex: 1, Size: 0 
[I020018]開始：CSVファイル読込み	sensor_data0001.csv 
[I020019]終了：CSVファイル読込み	sensor_data0001.csv 
[I020020]開始：DATファイル生成	sensor_data0001.dat 
[I020021]終了：DATファイル生成	sensor_data0001.dat 
[I020018]開始：CSVファイル読込み	sensor_data0002.csv 
[I020019]終了：CSVファイル読込み	sensor_data0002.csv 
[I020020]開始：DATファイル生成	sensor_data0002.dat 
[I020021]終了：DATファイル生成	sensor_data0002.dat 
[I020017]終了：javaプログラム 
[I020016]開始：javaプログラム 
[I020016]開始：javaプログラム 
[I020018]開始：CSVファイル読込み	a.txt.txt 
[I020019]終了：CSVファイル読込み	a.txt.txt 
[E020001]システムエラーが発生しましたIndexOutOfBoundsExceptionIndex: 1, Size: 0 
[I020018]開始：CSVファイル読込み	sensor_data0001.csv 
[I020019]終了：CSVファイル読込み	sensor_data0001.csv 
[I020020]開始：DATファイル生成	sensor_data0001.dat 
[I020021]終了：DATファイル生成	sensor_data0001.dat 
[I020018]開始：CSVファイル読込み	sensor_data0002.csv 
[I020019]終了：CSVファイル読込み	sensor_data0002.csv 
[I020020]開始：DATファイル生成	sensor_data0002.dat 
[I020021]終了：DATファイル生成	sensor_data0002.dat 
[I020017]終了：javaプログラム 
[I020016]開始：javaプログラム 
[I020016]開始：javaプログラム 
[I020018]開始：CSVファイル読込み	a.txt.txt 
[I020019]終了：CSVファイル読込み	a.txt.txt 
[E020001]システムエラーが発生しましたIndexOutOfBoundsExceptionIndex: 1, Size: 0 
[I020018]開始：CSVファイル読込み	sensor_data0001.csv 
[I020019]終了：CSVファイル読込み	sensor_data0001.csv 
[I020020]開始：DATファイル生成	sensor_data0001.dat 
[I020021]終了：DATファイル生成	sensor_data0001.dat 
[I020018]開始：CSVファイル読込み	sensor_data0002.csv 
[I020019]終了：CSVファイル読込み	sensor_data0002.csv 
[I020020]開始：DATファイル生成	sensor_data0002.dat 
[I020021]終了：DATファイル生成	sensor_data0002.dat 
[I020017]終了：javaプログラム 
[I020016]開始：javaプログラム 
[I020016]開始：javaプログラム 
[I020018]開始：CSVファイル読込み	a.txt.txt 
[I020019]終了：CSVファイル読込み	a.txt.txt 
[E020001]システムエラーが発生しましたIndexOutOfBoundsExceptionIndex: 1, Size: 0 
[I020018]開始：CSVファイル読込み	sensor_data0001.csv 
[I020019]終了：CSVファイル読込み	sensor_data0001.csv 
[I020020]開始：DATファイル生成	sensor_data0001.dat 
[I020021]終了：DATファイル生成	sensor_data0001.dat 
[I020018]開始：CSVファイル読込み	sensor_data0002.csv 
[I020019]終了：CSVファイル読込み	sensor_data0002.csv 
[I020020]開始：DATファイル生成	sensor_data0002.dat 
[I020021]終了：DATファイル生成	sensor_data0002.dat 
[I020017]終了：javaプログラム 
[I020016]開始：javaプログラム 
[I020016]開始：javaプログラム 
[I020018]開始：CSVファイル読込み	a.txt.txt 
[I020019]終了：CSVファイル読込み	a.txt.txt 
[E020001]システムエラーが発生しましたIndexOutOfBoundsExceptionIndex: 1, Size: 0 
[I020018]開始：CSVファイル読込み	sensor_data0001.csv 
[I020019]終了：CSVファイル読込み	sensor_data0001.csv 
[I020020]開始：DATファイル生成	sensor_data0001.dat 
[I020021]終了：DATファイル生成	sensor_data0001.dat 
[I020018]開始：CSVファイル読込み	sensor_data0002.csv 
[I020019]終了：CSVファイル読込み	sensor_data0002.csv 
[I020020]開始：DATファイル生成	sensor_data0002.dat 
[I020021]終了：DATファイル生成	sensor_data0002.dat 
[I020017]終了：javaプログラム 
[I020016]開始：javaプログラム 
[I020016]開始：javaプログラム 
[I020018]開始：CSVファイル読込み	a.txt.txt 
[I020019]終了：CSVファイル読込み	a.txt.txt 
[E020001]システムエラーが発生しましたIndexOutOfBoundsExceptionIndex: 1, Size: 0 
[I020018]開始：CSVファイル読込み	sensor_data0001.csv 
[I020019]終了：CSVファイル読込み	sensor_data0001.csv 
[I020020]開始：DATファイル生成	sensor_data0001.dat 
[I020021]終了：DATファイル生成	sensor_data0001.dat 
[I020018]開始：CSVファイル読込み	sensor_data0002.csv 
[I020019]終了：CSVファイル読込み	sensor_data0002.csv 
[I020020]開始：DATファイル生成	sensor_data0002.dat 
[I020021]終了：DATファイル生成	sensor_data0002.dat 
[I020017]終了：javaプログラム 
[I020016]開始：javaプログラム 
[I020018]開始：CSVファイル読込み	a.txt.txt 
[I020019]終了：CSVファイル読込み	a.txt.txt 
[E020001]システムエラーが発生しましたIndexOutOfBoundsExceptionIndex: 1, Size: 0 
[I020018]開始：CSVファイル読込み	sensor_data0001.csv 
[I020019]終了：CSVファイル読込み	sensor_data0001.csv 
[I020020]開始：DATファイル生成	sensor_data0001.dat 
[I020021]終了：DATファイル生成	sensor_data0001.dat 
[I020018]開始：CSVファイル読込み	sensor_data0002.csv 
[I020019]終了：CSVファイル読込み	sensor_data0002.csv 
[I020020]開始：DATファイル生成	sensor_data0002.dat 
[I020021]終了：DATファイル生成	sensor_data0002.dat 
[I020017]終了：javaプログラム 
[I020016]開始：javaプログラム 
[I020018]開始：CSVファイル読込み	a.txt.txt 
[I020019]終了：CSVファイル読込み	a.txt.txt 
[E020001]システムエラーが発生しましたIndexOutOfBoundsExceptionIndex: 1, Size: 0 
[I020018]開始：CSVファイル読込み	sensor_data0001.csv 
[I020019]終了：CSVファイル読込み	sensor_data0001.csv 
[I020020]開始：DATファイル生成	sensor_data0001.dat 
[I020021]終了：DATファイル生成	sensor_data0001.dat 
[I020018]開始：CSVファイル読込み	sensor_data0002.csv 
[I020019]終了：CSVファイル読込み	sensor_data0002.csv 
[I020020]開始：DATファイル生成	sensor_data0002.dat 
[I020021]終了：DATファイル生成	sensor_data0002.dat 
[I020017]終了：javaプログラム 
[I020016]開始：javaプログラム 
[I020016]開始：javaプログラム 
[I020018]開始：CSVファイル読込み	a.txt.txt 
[I020019]終了：CSVファイル読込み	a.txt.txt 
[E020001]システムエラーが発生しましたIndexOutOfBoundsExceptionIndex: 1, Size: 0 
[I020018]開始：CSVファイル読込み	sensor_data0001.csv 
[I020019]終了：CSVファイル読込み	sensor_data0001.csv 
[I020020]開始：DATファイル生成	sensor_data0001.dat 
[I020021]終了：DATファイル生成	sensor_data0001.dat 
[I020018]開始：CSVファイル読込み	sensor_data0002.csv 
[I020019]終了：CSVファイル読込み	sensor_data0002.csv 
[I020020]開始：DATファイル生成	sensor_data0002.dat 
[I020021]終了：DATファイル生成	sensor_data0002.dat 
[I020017]終了：javaプログラム 
[I020016]開始：javaプログラム 
[W020007]ディレクトリ内にCSVファイルが存在しません	.\in\ 
[I020017]終了：javaプログラム 
[I020016]開始：javaプログラム 
[I020018]開始：CSVファイル読込み	a.txt.txt 
[I020019]終了：CSVファイル読込み	a.txt.txt 
[E020001]システムエラーが発生しましたIndexOutOfBoundsExceptionIndex: 1, Size: 0 
[I020018]開始：CSVファイル読込み	sensor_data0001.csv 
[I020019]終了：CSVファイル読込み	sensor_data0001.csv 
[I020020]開始：DATファイル生成	sensor_data0001.dat 
[I020021]終了：DATファイル生成	sensor_data0001.dat 
[I020018]開始：CSVファイル読込み	sensor_data0002.csv 
[I020019]終了：CSVファイル読込み	sensor_data0002.csv 
[I020020]開始：DATファイル生成	sensor_data0002.dat 
[I020021]終了：DATファイル生成	sensor_data0002.dat 
[I020017]終了：javaプログラム 
[I020016]開始：javaプログラム 
[W020007]ディレクトリ内にCSVファイルが存在しません	.\in\ 
[I020017]終了：javaプログラム 
[I020016]開始：javaプログラム 
[I020018]開始：CSVファイル読込み	a.txt.txt 
[I020019]終了：CSVファイル読込み	a.txt.txt 
[E020001]システムエラーが発生しましたIndexOutOfBoundsExceptionIndex: 1, Size: 0 
[I020018]開始：CSVファイル読込み	sensor_data0001.csv 
[I020019]終了：CSVファイル読込み	sensor_data0001.csv 
[I020020]開始：DATファイル生成	sensor_data0001.dat 
[I020021]終了：DATファイル生成	sensor_data0001.dat 
[I020018]開始：CSVファイル読込み	sensor_data0002.csv 
[I020019]終了：CSVファイル読込み	sensor_data0002.csv 
[I020020]開始：DATファイル生成	sensor_data0002.dat 
[I020021]終了：DATファイル生成	sensor_data0002.dat 
[I020017]終了：javaプログラム 
[I020016]開始：javaプログラム 
[W020007]ディレクトリ内にCSVファイルが存在しません	.\in\ 
[I020017]終了：javaプログラム 
[W020010]桁数チェックエラーが発生しました1行目 4列目 
[W020010]桁数チェックエラーが発生しました1行目 7列目 
[W020010]桁数チェックエラーが発生しました1行目 8列目 
[W020010]桁数チェックエラーが発生しました1行目 9列目 
[W020010]桁数チェックエラーが発生しました1行目 4列目 
[W020010]桁数チェックエラーが発生しました1行目 7列目 
[W020010]桁数チェックエラーが発生しました1行目 8列目 
[W020010]桁数チェックエラーが発生しました1行目 9列目 
[W020009]必須項目チェックエラーが発生しました	0行目 0列目 
[W020010]桁数チェックエラーが発生しました0行目 0列目 
[W020009]必須項目チェックエラーが発生しました	0行目 0列目 
[W020010]桁数チェックエラーが発生しました0行目 0列目 
[W020009]必須項目チェックエラーが発生しました	0行目 0列目 
[W020010]桁数チェックエラーが発生しました0行目 0列目 
[W020010]桁数チェックエラーが発生しました0行目 0列目 
[W020009]必須項目チェックエラーが発生しました	0行目 0列目 
[W020009]必須項目チェックエラーが発生しました	0行目 0列目 
[W020010]桁数チェックエラーが発生しました0行目 0列目 
[W020009]必須項目チェックエラーが発生しました	0行目 0列目 
[W020010]桁数チェックエラーが発生しました0行目 0列目 
[W020009]必須項目チェックエラーが発生しました	0行目 0列目 
[W020010]桁数チェックエラーが発生しました0行目 0列目 
[W020009]必須項目チェックエラーが発生しました	0行目 0列目 
[W020010]桁数チェックエラーが発生しました0行目 0列目 
[W020009]必須項目チェックエラーが発生しました	0行目 0列目 
[W020010]桁数チェックエラーが発生しました0行目 0列目 
[W020009]必須項目チェックエラーが発生しました	0行目 0列目 
[W020010]桁数チェックエラーが発生しました0行目 0列目 
[W020009]必須項目チェックエラーが発生しました	0行目 0列目 
[W020010]桁数チェックエラーが発生しました0行目 0列目 
[W020009]必須項目チェックエラーが発生しました	0行目 0列目 
[W020010]桁数チェックエラーが発生しました0行目 0列目 
[W020010]桁数チェックエラーが発生しました0行目 0列目 
[W020009]必須項目チェックエラーが発生しました	0行目 0列目 
[W020009]必須項目チェックエラーが発生しました	0行目 0列目 
[W020010]桁数チェックエラーが発生しました0行目 0列目 
[W020009]必須項目チェックエラーが発生しました	0行目 0列目 
[W020010]桁数チェックエラーが発生しました0行目 0列目 
[W020009]必須項目チェックエラーが発生しました	0行目 0列目 
[W020010]桁数チェックエラーが発生しました0行目 0列目 
[W020009]必須項目チェックエラーが発生しました	0行目 0列目 
[W020010]桁数チェックエラーが発生しました0行目 0列目 
[W020009]必須項目チェックエラーが発生しました	0行目 0列目 
[W020010]桁数チェックエラーが発生しました0行目 0列目 
[W020009]必須項目チェックエラーが発生しました	0行目 0列目 
[W020010]桁数チェックエラーが発生しました0行目 0列目 
[W020010]桁数チェックエラーが発生しました0行目 0列目 
[W020009]必須項目チェックエラーが発生しました	0行目 0列目 
[W020010]桁数チェックエラーが発生しました0行目 0列目 
[W020009]必須項目チェックエラーが発生しました	0行目 0列目 
[W020010]桁数チェックエラーが発生しました0行目 0列目 
[W020009]必須項目チェックエラーが発生しました	0行目 0列目 
[W020010]桁数チェックエラーが発生しました0行目 0列目 
[W020009]必須項目チェックエラーが発生しました	0行目 0列目 
[W020010]桁数チェックエラーが発生しました0行目 0列目 
[W020009]必須項目チェックエラーが発生しました	0行目 0列目 
[W020010]桁数チェックエラーが発生しました0行目 0列目 
