[I020016]開始：javaプログラム 
[I020018]開始：CSVファイル読込み	sensor_data0001.csv 
[I020019]終了：CSVファイル読込み	sensor_data0001.csv 
[I020020]開始：DATファイル生成	sensor_data0001.dat 
[I020021]終了：DATファイル生成	sensor_data0001.dat 
[I020018]開始：CSVファイル読込み	sensor_data0002.csv 
[I020019]終了：CSVファイル読込み	sensor_data0002.csv 
[I020020]開始：DATファイル生成	sensor_data0002.dat 
[I020021]終了：DATファイル生成	sensor_data0002.dat 
[I020017]終了：javaプログラム 
[I020016]開始：javaプログラム 
[W020007]ディレクトリ内にCSVファイルが存在しません	.\in\ 
[I020017]終了：javaプログラム 
[I020016]開始：javaプログラム 
[W020007]ディレクトリ内にCSVファイルが存在しません	.\in\ 
[I020017]終了：javaプログラム 
[I020016]開始：javaプログラム 
[W020007]ディレクトリ内にCSVファイルが存在しません	.\in\ 
[I020017]終了：javaプログラム 
[I020016]開始：javaプログラム 
[I020018]開始：CSVファイル読込み	a.txt.txt 
[I020019]終了：CSVファイル読込み	a.txt.txt 
[I020016]開始：javaプログラム 
[W020007]ディレクトリ内にCSVファイルが存在しません	.\in\ 
[I020017]終了：javaプログラム 
[I020016]開始：javaプログラム 
[I020018]開始：CSVファイル読込み	a.txt.txt 
[I020019]終了：CSVファイル読込み	a.txt.txt 
[I020016]開始：javaプログラム 
[W020007]ディレクトリ内にCSVファイルが存在しません	.\in\ 
[I020017]終了：javaプログラム 
[I020016]開始：javaプログラム 
[I020018]開始：CSVファイル読込み	a.txt.txt 
[I020019]終了：CSVファイル読込み	a.txt.txt 
[E020001]システムエラーが発生しました 
[I020016]開始：javaプログラム 
[I020018]開始：CSVファイル読込み	a.txt.txt 
[I020019]終了：CSVファイル読込み	a.txt.txt 
[E020001]システムエラーが発生しました 
[I020016]開始：javaプログラム 
[I020018]開始：CSVファイル読込み	a.txt.txt 
[I020019]終了：CSVファイル読込み	a.txt.txt 
[E020001]システムエラーが発生しました 
[I020018]開始：CSVファイル読込み	sensor_data0001.csv 
[I020019]終了：CSVファイル読込み	sensor_data0001.csv 
[I020020]開始：DATファイル生成	sensor_data0001.dat 
[I020021]終了：DATファイル生成	sensor_data0001.dat 
[I020017]終了：javaプログラム 
[I020018]開始：CSVファイル読込み	sensor_data0002.csv 
[I020019]終了：CSVファイル読込み	sensor_data0002.csv 
[I020020]開始：DATファイル生成	sensor_data0002.dat 
[I020021]終了：DATファイル生成	sensor_data0002.dat 
[I020017]終了：javaプログラム 
[I020016]開始：javaプログラム 
[I020018]開始：CSVファイル読込み	sensor_data0001.csv 
[I020019]終了：CSVファイル読込み	sensor_data0001.csv 
[I020020]開始：DATファイル生成	sensor_data0001.dat 
[I020021]終了：DATファイル生成	sensor_data0001.dat 
[I020017]終了：javaプログラム 
[I020018]開始：CSVファイル読込み	sensor_data0002.csv 
[I020019]終了：CSVファイル読込み	sensor_data0002.csv 
[I020020]開始：DATファイル生成	sensor_data0002.dat 
[I020021]終了：DATファイル生成	sensor_data0002.dat 
[I020017]終了：javaプログラム 
[I020016]開始：javaプログラム 
[I020018]開始：CSVファイル読込み	sensor_data0002.csv 
[I020019]終了：CSVファイル読込み	sensor_data0002.csv 
[I020020]開始：DATファイル生成	sensor_data0002.dat 
[I020021]終了：DATファイル生成	sensor_data0002.dat 
[I020017]終了：javaプログラム 
[I020016]開始：javaプログラム 
[I020018]開始：CSVファイル読込み	a.txt.txt 
[I020019]終了：CSVファイル読込み	a.txt.txt 
[E020001]システムエラーが発生しました 
[I020017]終了：javaプログラム 
[I020018]開始：CSVファイル読込み	sensor_data0001.csv 
[I020019]終了：CSVファイル読込み	sensor_data0001.csv 
[I020020]開始：DATファイル生成	sensor_data0001.dat 
[I020021]終了：DATファイル生成	sensor_data0001.dat 
[I020017]終了：javaプログラム 
[I020018]開始：CSVファイル読込み	sensor_data0002.csv 
[I020019]終了：CSVファイル読込み	sensor_data0002.csv 
[I020020]開始：DATファイル生成	sensor_data0002.dat 
[I020021]終了：DATファイル生成	sensor_data0002.dat 
[I020017]終了：javaプログラム 
[I020016]開始：javaプログラム 
[I020018]開始：CSVファイル読込み	a.txt.txt 
[I020019]終了：CSVファイル読込み	a.txt.txt 
[E020001]システムエラーが発生しました 
[I020018]開始：CSVファイル読込み	sensor_data0001.csv 
[I020019]終了：CSVファイル読込み	sensor_data0001.csv 
[I020020]開始：DATファイル生成	sensor_data0001.dat 
[I020021]終了：DATファイル生成	sensor_data0001.dat 
[I020018]開始：CSVファイル読込み	sensor_data0002.csv 
[I020019]終了：CSVファイル読込み	sensor_data0002.csv 
[I020020]開始：DATファイル生成	sensor_data0002.dat 
[I020021]終了：DATファイル生成	sensor_data0002.dat 
[I020017]終了：javaプログラム 
[I020016]開始：javaプログラム 
[I020018]開始：CSVファイル読込み	sensor_data0001.csv 
[I020019]終了：CSVファイル読込み	sensor_data0001.csv 
[I020020]開始：DATファイル生成	sensor_data0001.dat 
[I020021]終了：DATファイル生成	sensor_data0001.dat 
[I020018]開始：CSVファイル読込み	sensor_data0002.csv 
[I020019]終了：CSVファイル読込み	sensor_data0002.csv 
[I020020]開始：DATファイル生成	sensor_data0002.dat 
[I020021]終了：DATファイル生成	sensor_data0002.dat 
[I020017]終了：javaプログラム 
[I020016]開始：javaプログラム 
[I020018]開始：CSVファイル読込み	a.txt.txt 
[I020019]終了：CSVファイル読込み	a.txt.txt 
[E020001]システムエラーが発生しました 
[I020018]開始：CSVファイル読込み	sensor_data0001.csv 
[I020019]終了：CSVファイル読込み	sensor_data0001.csv 
[I020020]開始：DATファイル生成	sensor_data0001.dat 
[I020021]終了：DATファイル生成	sensor_data0001.dat 
[I020018]開始：CSVファイル読込み	sensor_data0002.csv 
[I020019]終了：CSVファイル読込み	sensor_data0002.csv 
[I020020]開始：DATファイル生成	sensor_data0002.dat 
[I020021]終了：DATファイル生成	sensor_data0002.dat 
[I020018]開始：CSVファイル読込み	z.txt.txt 
[I020019]終了：CSVファイル読込み	z.txt.txt 
[E020001]システムエラーが発生しました 
[I020017]終了：javaプログラム 
[I020016]開始：javaプログラム 
[I020018]開始：CSVファイル読込み	a.txt.txt 
[I020019]終了：CSVファイル読込み	a.txt.txt 
[E020001]システムエラーが発生しました 
[I020018]開始：CSVファイル読込み	sensor_data0001.csv 
[I020019]終了：CSVファイル読込み	sensor_data0001.csv 
[I020020]開始：DATファイル生成	sensor_data0001.dat 
[I020021]終了：DATファイル生成	sensor_data0001.dat 
[I020018]開始：CSVファイル読込み	sensor_data0002.csv 
[I020019]終了：CSVファイル読込み	sensor_data0002.csv 
[I020020]開始：DATファイル生成	sensor_data0002.dat 
[I020021]終了：DATファイル生成	sensor_data0002.dat 
[I020018]開始：CSVファイル読込み	z.csv.txt 
[I020019]終了：CSVファイル読込み	z.csv.txt 
[E020001]システムエラーが発生しました 
[I020017]終了：javaプログラム 
[I020016]開始：javaプログラム 
[I020018]開始：CSVファイル読込み	a.txt.txt 
[I020019]終了：CSVファイル読込み	a.txt.txt 
[E020001]システムエラーが発生しましたIndexOutOfBoundsExceptionIndex: 1, Size: 0 
[I020018]開始：CSVファイル読込み	sensor_data0001.csv 
[I020019]終了：CSVファイル読込み	sensor_data0001.csv 
[I020020]開始：DATファイル生成	sensor_data0001.dat 
[I020021]終了：DATファイル生成	sensor_data0001.dat 
[I020018]開始：CSVファイル読込み	sensor_data0002.csv 
[I020019]終了：CSVファイル読込み	sensor_data0002.csv 
[I020020]開始：DATファイル生成	sensor_data0002.dat 
[I020021]終了：DATファイル生成	sensor_data0002.dat 
[I020018]開始：CSVファイル読込み	z.csv.txt 
[I020019]終了：CSVファイル読込み	z.csv.txt 
[E020001]システムエラーが発生しましたIndexOutOfBoundsExceptionIndex: 1, Size: 0 
[I020017]終了：javaプログラム 
[I020016]開始：javaプログラム 
[I020018]開始：CSVファイル読込み	sensor_data0001.csv 
[I020019]終了：CSVファイル読込み	sensor_data0001.csv 
[I020020]開始：DATファイル生成	sensor_data0001.dat 
[I020021]終了：DATファイル生成	sensor_data0001.dat 
[I020018]開始：CSVファイル読込み	sensor_data0002.csv 
[I020019]終了：CSVファイル読込み	sensor_data0002.csv 
[I020020]開始：DATファイル生成	sensor_data0002.dat 
[I020021]終了：DATファイル生成	sensor_data0002.dat 
[I020017]終了：javaプログラム 
[I020016]開始：javaプログラム 
[W020007]ディレクトリ内にCSVファイルが存在しません	.\in\ 
[I020017]終了：javaプログラム 
